# JRE version: Java(TM) SE Runtime Environment (8.0_181-b13) (build 1.8.0_181-b13)
# Java VM: Java HotSpot(TM) 64-Bit Server VM (25.181-b13 mixed mode linux-amd64 compressed oops)
Heap:
 PSYoungGen      total 208896K, used 158288K [0x00000000eab00000, 0x00000000fda80000, 0x0000000100000000)
  eden space 154112K, 100% used [0x00000000eab00000,0x00000000f4180000,0x00000000f4180000)
  from space 54784K, 7% used [0x00000000fa500000,0x00000000fa914020,0x00000000fda80000)
  to   space 78336K, 7% used [0x00000000f4180000,0x00000000f4770d88,0x00000000f8e00000)
 ParOldGen       total 378368K, used 302905K [0x00000000c0000000, 0x00000000d7180000, 0x00000000eab00000)
  object space 378368K, 80% used [0x00000000c0000000,0x00000000d27ce708,0x00000000d7180000)
 Metaspace       used 87603K, capacity 92924K, committed 93056K, reserved 1130496K
  class space    used 11393K, capacity 12328K, committed 12416K, reserved 1048576K
GC Heap History (10 events):
Event: 3062.185 GC heap after
Heap after GC invocations=32 (full 4):
 PSYoungGen      total 239616K, used 3344K [0x00000000eab00000, 0x00000000ff300000, 0x0000000100000000)
  eden space 142336K, 0% used [0x00000000eab00000,0x00000000eab00000,0x00000000f3600000)
  from space 97280K, 3% used [0x00000000f9400000,0x00000000f9744020,0x00000000ff300000)
  to   space 96256K, 0% used [0x00000000f3600000,0x00000000f3600000,0x00000000f9400000)
 ParOldGen       total 378368K, used 302785K [0x00000000c0000000, 0x00000000d7180000, 0x00000000eab00000)
  object space 378368K, 80% used [0x00000000c0000000,0x00000000d27b0708,0x00000000d7180000)
 Metaspace       used 84523K, capacity 87586K, committed 87808K, reserved 1126400K
  class space    used 10975K, capacity 11631K, committed 11776K, reserved 1048576K
}
Event: 4843.742 GC heap before
{Heap before GC invocations=33 (full 4):
 PSYoungGen      total 239616K, used 145680K [0x00000000eab00000, 0x00000000ff300000, 0x0000000100000000)
  eden space 142336K, 100% used [0x00000000eab00000,0x00000000f3600000,0x00000000f3600000)
  from space 97280K, 3% used [0x00000000f9400000,0x00000000f9744020,0x00000000ff300000)
  to   space 96256K, 0% used [0x00000000f3600000,0x00000000f3600000,0x00000000f9400000)
 ParOldGen       total 378368K, used 302785K [0x00000000c0000000, 0x00000000d7180000, 0x00000000eab00000)
  object space 378368K, 80% used [0x00000000c0000000,0x00000000d27b0708,0x00000000d7180000)
 Metaspace       used 85155K, capacity 88896K, committed 89216K, reserved 1126400K
  class space    used 11073K, capacity 11806K, committed 11904K, reserved 1048576K
Event: 4843.799 GC heap after
Heap after GC invocations=33 (full 4):
 PSYoungGen      total 238592K, used 3776K [0x00000000eab00000, 0x00000000ff600000, 0x0000000100000000)
  eden space 142336K, 0% used [0x00000000eab00000,0x00000000eab00000,0x00000000f3600000)
  from space 96256K, 3% used [0x00000000f3600000,0x00000000f39b0010,0x00000000f9400000)
  to   space 91648K, 0% used [0x00000000f9c80000,0x00000000f9c80000,0x00000000ff600000)
 ParOldGen       total 378368K, used 302873K [0x00000000c0000000, 0x00000000d7180000, 0x00000000eab00000)
  object space 378368K, 80% used [0x00000000c0000000,0x00000000d27c6708,0x00000000d7180000)
 Metaspace       used 85155K, capacity 88896K, committed 89216K, reserved 1126400K
  class space    used 11073K, capacity 11806K, committed 11904K, reserved 1048576K
}
Event: 5974.312 GC heap before
{Heap before GC invocations=34 (full 4):
 PSYoungGen      total 238592K, used 146112K [0x00000000eab00000, 0x00000000ff600000, 0x0000000100000000)
  eden space 142336K, 100% used [0x00000000eab00000,0x00000000f3600000,0x00000000f3600000)
  from space 96256K, 3% used [0x00000000f3600000,0x00000000f39b0010,0x00000000f9400000)
  to   space 91648K, 0% used [0x00000000f9c80000,0x00000000f9c80000,0x00000000ff600000)
 ParOldGen       total 378368K, used 302873K [0x00000000c0000000, 0x00000000d7180000, 0x00000000eab00000)
  object space 378368K, 80% used [0x00000000c0000000,0x00000000d27c6708,0x00000000d7180000)
 Metaspace       used 85372K, capacity 89152K, committed 89472K, reserved 1126400K
  class space    used 11075K, capacity 11806K, committed 11904K, reserved 1048576K
Event: 5974.335 GC heap after
Heap after GC invocations=34 (full 4):
 PSYoungGen      total 243200K, used 3520K [0x00000000eab00000, 0x00000000fef80000, 0x0000000100000000)
  eden space 158208K, 0% used [0x00000000eab00000,0x00000000eab00000,0x00000000f4580000)
  from space 84992K, 4% used [0x00000000f9c80000,0x00000000f9ff0010,0x00000000fef80000)
  to   space 87040K, 0% used [0x00000000f4580000,0x00000000f4580000,0x00000000f9a80000)
 ParOldGen       total 378368K, used 302881K [0x00000000c0000000, 0x00000000d7180000, 0x00000000eab00000)
  object space 378368K, 80% used [0x00000000c0000000,0x00000000d27c8708,0x00000000d7180000)
 Metaspace       used 85372K, capacity 89152K, committed 89472K, reserved 1126400K
  class space    used 11075K, capacity 11806K, committed 11904K, reserved 1048576K
}
Event: 7075.504 GC heap before
{Heap before GC invocations=35 (full 4):
 PSYoungGen      total 243200K, used 161728K [0x00000000eab00000, 0x00000000fef80000, 0x0000000100000000)
  eden space 158208K, 100% used [0x00000000eab00000,0x00000000f4580000,0x00000000f4580000)
  from space 84992K, 4% used [0x00000000f9c80000,0x00000000f9ff0010,0x00000000fef80000)
  to   space 87040K, 0% used [0x00000000f4580000,0x00000000f4580000,0x00000000f9a80000)
 ParOldGen       total 378368K, used 302881K [0x00000000c0000000, 0x00000000d7180000, 0x00000000eab00000)
  object space 378368K, 80% used [0x00000000c0000000,0x00000000d27c8708,0x00000000d7180000)
 Metaspace       used 85596K, capacity 89304K, committed 89472K, reserved 1126400K
  class space    used 11077K, capacity 11810K, committed 11904K, reserved 1048576K
Event: 7075.515 GC heap after
Heap after GC invocations=35 (full 4):
 PSYoungGen      total 245248K, used 2688K [0x00000000eab00000, 0x00000000ff600000, 0x0000000100000000)
  eden space 158208K, 0% used [0x00000000eab00000,0x00000000eab00000,0x00000000f4580000)
  from space 87040K, 3% used [0x00000000f4580000,0x00000000f4820010,0x00000000f9a80000)
  to   space 82944K, 0% used [0x00000000fa500000,0x00000000fa500000,0x00000000ff600000)
 ParOldGen       total 378368K, used 302889K [0x00000000c0000000, 0x00000000d7180000, 0x00000000eab00000)
  object space 378368K, 80% used [0x00000000c0000000,0x00000000d27ca708,0x00000000d7180000)
 Metaspace       used 85596K, capacity 89304K, committed 89472K, reserved 1126400K
  class space    used 11077K, capacity 11810K, committed 11904K, reserved 1048576K
}
Event: 7274.581 GC heap before
{Heap before GC invocations=36 (full 4):
 PSYoungGen      total 245248K, used 160896K [0x00000000eab00000, 0x00000000ff600000, 0x0000000100000000)
  eden space 158208K, 100% used [0x00000000eab00000,0x00000000f4580000,0x00000000f4580000)
  from space 87040K, 3% used [0x00000000f4580000,0x00000000f4820010,0x00000000f9a80000)
  to   space 82944K, 0% used [0x00000000fa500000,0x00000000fa500000,0x00000000ff600000)
 ParOldGen       total 378368K, used 302889K [0x00000000c0000000, 0x00000000d7180000, 0x00000000eab00000)
  object space 378368K, 80% used [0x00000000c0000000,0x00000000d27ca708,0x00000000d7180000)
 Metaspace       used 86982K, capacity 92310K, committed 92416K, reserved 1130496K
  class space    used 11327K, capacity 12257K, committed 12288K, reserved 1048576K
Event: 7274.596 GC heap after
Heap after GC invocations=36 (full 4):
 PSYoungGen      total 208896K, used 4176K [0x00000000eab00000, 0x00000000fda80000, 0x0000000100000000)
  eden space 154112K, 0% used [0x00000000eab00000,0x00000000eab00000,0x00000000f4180000)
  from space 54784K, 7% used [0x00000000fa500000,0x00000000fa914020,0x00000000fda80000)
  to   space 78336K, 0% used [0x00000000f4180000,0x00000000f4180000,0x00000000f8e00000)
 ParOldGen       total 378368K, used 302897K [0x00000000c0000000, 0x00000000d7180000, 0x00000000eab00000)
  object space 378368K, 80% used [0x00000000c0000000,0x00000000d27cc708,0x00000000d7180000)
 Metaspace       used 86982K, capacity 92310K, committed 92416K, reserved 1130496K
  class space    used 11327K, capacity 12257K, committed 12288K, reserved 1048576K
}
Event: 8927.722 GC heap before
{Heap before GC invocations=37 (full 4):
 PSYoungGen      total 208896K, used 158288K [0x00000000eab00000, 0x00000000fda80000, 0x0000000100000000)
  eden space 154112K, 100% used [0x00000000eab00000,0x00000000f4180000,0x00000000f4180000)
  from space 54784K, 7% used [0x00000000fa500000,0x00000000fa914020,0x00000000fda80000)
  to   space 78336K, 0% used [0x00000000f4180000,0x00000000f4180000,0x00000000f8e00000)
 ParOldGen       total 378368K, used 302897K [0x00000000c0000000, 0x00000000d7180000, 0x00000000eab00000)
  object space 378368K, 80% used [0x00000000c0000000,0x00000000d27cc708,0x00000000d7180000)
 Metaspace       used 87603K, capacity 92924K, committed 93056K, reserved 1130496K
  class space    used 11393K, capacity 12328K, committed 12416K, reserved 1048576K

